
Electron ready, starting Next.js...
Launching: C:\Users\notebook\Downloads\SMARTNOTE\node_modules\.bin\next dev --port 3000
  ▲ Next.js 14.2.35
  - Local:        http://localhost:3000

 ✓ Starting...
 ✓ Ready in 7.5s
 ○ Compiling / ...
 ✓ Compiled / in 11.8s (1290 modules)
 GET / 200 in 13757ms
Server up, opening window...
 GET / 200 in 13980ms
 GET / 200 in 681ms
 ○ Compiling /upload ...
 ✓ Compiled /upload in 597ms (1348 modules)
 ✓ Compiled /settings in 328ms (1370 modules)
 ○ Compiling /api/status ...
 ✓ Compiled /api/status in 617ms (719 modules)
 GET /api/status?ollamaUrl=http%3A%2F%2Flocalhost%3A11434&hasGeminiKey=true 200 in 730ms
 GET /api/status?ollamaUrl=http%3A%2F%2Flocalhost%3A11434&hasGeminiKey=true 200 in 17ms
 GET /api/status?ollamaUrl=http%3A%2F%2Flocalhost%3A11434&hasGeminiKey=true 200 in 13ms
 ✓ Compiled /api/analyze in 167ms (722 modules)
 POST /api/analyze 200 in 90091ms
 ○ Compiling /mindmap ...
 ✓ Compiled /mindmap in 2.6s (1697 modules)
 ✓ Compiled in 312ms (853 modules)
 ✓ Compiled /api/chat in 448ms (876 modules)
 ○ Compiling /chat ...
 ✓ Compiled /chat in 6.2s (1747 modules)
 POST /api/chat 200 in 41712ms
 ○ Compiling /_not-found ...
 ✓ Compiled /_not-found in 4.3s (1736 modules)
 GET /_next/static/css/app/layout.css?v=1775519563672 404 in 5089ms
